<?xml version="1.0" encoding="UTF-8"?>
<testng-results ignored="0" total="1" passed="1" failed="0" skipped="0">
  <reporter-output>
  </reporter-output>
  <suite started-at="2022-03-25T22:35:28 IST" name="Default suite" finished-at="2022-03-25T22:35:36 IST" duration-ms="7756">
    <groups>
    </groups>
    <test started-at="2022-03-25T22:35:28 IST" name="Default test" finished-at="2022-03-25T22:35:36 IST" duration-ms="7756">
      <class name="com.lesson2.training.LoginAutomation">
        <test-method signature="login()[pri:0, instance:com.lesson2.training.LoginAutomation@498d318c]" started-at="2022-03-25T22:35:28 IST" name="login" finished-at="2022-03-25T22:35:36 IST" duration-ms="7709" status="PASS">
          <reporter-output>
          </reporter-output>
        </test-method> <!-- login -->
      </class> <!-- com.lesson2.training.LoginAutomation -->
    </test> <!-- Default test -->
  </suite> <!-- Default suite -->
</testng-results>
