<?xml version="1.0" encoding="UTF-8"?>
<testng-results ignored="0" total="2" passed="2" failed="0" skipped="0">
  <reporter-output>
  </reporter-output>
  <suite started-at="2022-03-17T11:57:48 IST" name="Default suite" finished-at="2022-03-17T11:57:53 IST" duration-ms="5151">
    <groups>
      <group name="FB">
        <method signature="FacebookTest.launchFacebook()[pri:0, instance:com.simplilearn.test.FacebookTest@9f116cc]" name="launchFacebook" class="com.simplilearn.test.FacebookTest"/>
        <method signature="FacebookTest.login()[pri:0, instance:com.simplilearn.test.FacebookTest@9f116cc]" name="login" class="com.simplilearn.test.FacebookTest"/>
      </group> <!-- FB -->
    </groups>
    <test started-at="2022-03-17T11:57:48 IST" name="Default test" finished-at="2022-03-17T11:57:53 IST" duration-ms="5151">
      <class name="com.simplilearn.test.FacebookTest">
        <test-method is-config="true" signature="beforeTest()[pri:0, instance:com.simplilearn.test.FacebookTest@9f116cc]" started-at="2022-03-17T11:57:48 IST" name="beforeTest" finished-at="2022-03-17T11:57:51 IST" duration-ms="3335" status="PASS">
          <reporter-output>
          </reporter-output>
        </test-method> <!-- beforeTest -->
        <test-method signature="launchFacebook()[pri:0, instance:com.simplilearn.test.FacebookTest@9f116cc]" started-at="2022-03-17T11:57:51 IST" name="launchFacebook" finished-at="2022-03-17T11:57:52 IST" duration-ms="1375" status="PASS">
          <reporter-output>
          </reporter-output>
        </test-method> <!-- launchFacebook -->
        <test-method signature="login()[pri:0, instance:com.simplilearn.test.FacebookTest@9f116cc]" started-at="2022-03-17T11:57:52 IST" name="login" finished-at="2022-03-17T11:57:53 IST" depends-on-methods="com.simplilearn.test.FacebookTest.launchFacebook" duration-ms="379" status="PASS">
          <reporter-output>
          </reporter-output>
        </test-method> <!-- login -->
        <test-method is-config="true" signature="afterTest()[pri:0, instance:com.simplilearn.test.FacebookTest@9f116cc]" started-at="2022-03-17T11:57:53 IST" name="afterTest" finished-at="2022-03-17T11:57:53 IST" duration-ms="1" status="PASS">
          <reporter-output>
          </reporter-output>
        </test-method> <!-- afterTest -->
      </class> <!-- com.simplilearn.test.FacebookTest -->
    </test> <!-- Default test -->
  </suite> <!-- Default suite -->
</testng-results>
